2018-11-20 18:01:31.2042 [INFO] System.RuntimeMethodHandle.InvokeMethod Starting HeartBeat  @Steeltoe.Discovery.Eureka.DiscoveryClient.Initialize
2018-11-20 18:05:15.6144 [INFO] System.RuntimeMethodHandle.InvokeMethod Starting HeartBeat  @Steeltoe.Discovery.Eureka.DiscoveryClient.Initialize
2018-11-20 18:18:02.8229 [INFO] System.RuntimeMethodHandle.InvokeMethod Starting HeartBeat  @Steeltoe.Discovery.Eureka.DiscoveryClient.Initialize
2018-11-20 18:20:25.8391 [INFO] System.RuntimeMethodHandle.InvokeMethod Starting HeartBeat  @Steeltoe.Discovery.Eureka.DiscoveryClient.Initialize
2018-11-20 18:22:50.3678 [INFO] System.RuntimeMethodHandle.InvokeMethod Starting HeartBeat  @Steeltoe.Discovery.Eureka.DiscoveryClient.Initialize
2018-11-20 18:50:35.9394 [INFO] System.RuntimeMethodHandle.InvokeMethod Starting HeartBeat  @Steeltoe.Discovery.Eureka.DiscoveryClient.Initialize
2018-11-20 20:16:45.4928 [INFO] System.RuntimeMethodHandle.InvokeMethod Starting HeartBeat  @Steeltoe.Discovery.Eureka.DiscoveryClient.Initialize
2018-11-20 20:18:28.2800 [INFO] System.RuntimeMethodHandle.InvokeMethod Starting HeartBeat  @Steeltoe.Discovery.Eureka.DiscoveryClient.Initialize
2018-11-20 20:20:58.1366 [INFO] System.RuntimeMethodHandle.InvokeMethod Starting HeartBeat  @Steeltoe.Discovery.Eureka.DiscoveryClient.Initialize
2018-11-20 20:24:18.6450 [INFO] System.RuntimeMethodHandle.InvokeMethod Starting HeartBeat  @Steeltoe.Discovery.Eureka.DiscoveryClient.Initialize
2018-11-20 20:25:30.1972 [INFO] System.RuntimeMethodHandle.InvokeMethod Starting HeartBeat  @Steeltoe.Discovery.Eureka.DiscoveryClient.Initialize
2018-11-20 20:47:06.3557 [INFO] System.RuntimeMethodHandle.InvokeMethod Starting HeartBeat  @Steeltoe.Discovery.Eureka.DiscoveryClient.Initialize
2018-11-20 20:48:32.2837 [INFO] System.RuntimeMethodHandle.InvokeMethod Starting HeartBeat  @Steeltoe.Discovery.Eureka.DiscoveryClient.Initialize
2018-11-20 20:57:50.0490 [INFO] System.RuntimeMethodHandle.InvokeMethod Starting HeartBeat  @Steeltoe.Discovery.Eureka.DiscoveryClient.Initialize
2018-11-20 21:05:41.4963 [INFO] System.RuntimeMethodHandle.InvokeMethod Starting HeartBeat  @Steeltoe.Discovery.Eureka.DiscoveryClient.Initialize
2018-11-20 21:24:12.6110 [ERROR] System.Threading.ExecutionContext.RunInternal SendHeartBeatAsync Failed 由于目标计算机积极拒绝，无法连接。 @Steeltoe.Discovery.Eureka.Transport.EurekaHttpClient+<SendHeartBeatAsync>d__14.MoveNext
2018-11-20 21:24:12.6110 [ERROR] System.Threading.ExecutionContext.RunInternal Renew Failed 由于目标计算机积极拒绝，无法连接。 @Steeltoe.Discovery.Eureka.DiscoveryClient+<RenewAsync>d__62.MoveNext
2018-11-20 21:24:12.6340 [ERROR] System.Threading.ExecutionContext.RunInternal HeartBeat failed  @Steeltoe.Discovery.Eureka.DiscoveryClient+<HeartBeatTaskAsync>d__67.MoveNext
2018-11-20 21:24:12.6870 [ERROR] System.Threading.ExecutionContext.RunInternal DoGetApplicationsAsync Failed 由于目标计算机积极拒绝，无法连接。 @Steeltoe.Discovery.Eureka.Transport.EurekaHttpClient+<DoGetApplicationsAsync>d__31.MoveNext
2018-11-20 21:24:12.6992 [ERROR] System.Threading.ExecutionContext.RunInternal FetchRegistry Failed 由于目标计算机积极拒绝，无法连接。 @Steeltoe.Discovery.Eureka.DiscoveryClient+<FetchRegistryAsync>d__59.MoveNext
2018-11-20 21:24:12.7077 [ERROR] System.Threading.ExecutionContext.RunInternal CacheRefresh failed  @Steeltoe.Discovery.Eureka.DiscoveryClient+<CacheRefreshTaskAsync>d__68.MoveNext
2018-11-20 21:24:42.5945 [ERROR] System.Threading.ExecutionContext.RunInternal SendHeartBeatAsync Failed 由于目标计算机积极拒绝，无法连接。 @Steeltoe.Discovery.Eureka.Transport.EurekaHttpClient+<SendHeartBeatAsync>d__14.MoveNext
2018-11-20 21:24:42.6078 [ERROR] System.Threading.ExecutionContext.RunInternal Renew Failed 由于目标计算机积极拒绝，无法连接。 @Steeltoe.Discovery.Eureka.DiscoveryClient+<RenewAsync>d__62.MoveNext
2018-11-20 21:24:42.6174 [ERROR] System.Threading.ExecutionContext.RunInternal HeartBeat failed  @Steeltoe.Discovery.Eureka.DiscoveryClient+<HeartBeatTaskAsync>d__67.MoveNext
2018-11-20 21:24:42.7019 [ERROR] System.Threading.ExecutionContext.RunInternal DoGetApplicationsAsync Failed 由于目标计算机积极拒绝，无法连接。 @Steeltoe.Discovery.Eureka.Transport.EurekaHttpClient+<DoGetApplicationsAsync>d__31.MoveNext
2018-11-20 21:24:42.7129 [ERROR] System.Threading.ExecutionContext.RunInternal FetchRegistry Failed 由于目标计算机积极拒绝，无法连接。 @Steeltoe.Discovery.Eureka.DiscoveryClient+<FetchRegistryAsync>d__59.MoveNext
2018-11-20 21:24:42.7246 [ERROR] System.Threading.ExecutionContext.RunInternal CacheRefresh failed  @Steeltoe.Discovery.Eureka.DiscoveryClient+<CacheRefreshTaskAsync>d__68.MoveNext
2018-11-20 21:25:12.5987 [ERROR] System.Threading.ExecutionContext.RunInternal SendHeartBeatAsync Failed 由于目标计算机积极拒绝，无法连接。 @Steeltoe.Discovery.Eureka.Transport.EurekaHttpClient+<SendHeartBeatAsync>d__14.MoveNext
2018-11-20 21:25:12.5987 [ERROR] System.Threading.ExecutionContext.RunInternal Renew Failed 由于目标计算机积极拒绝，无法连接。 @Steeltoe.Discovery.Eureka.DiscoveryClient+<RenewAsync>d__62.MoveNext
2018-11-20 21:25:12.6164 [ERROR] System.Threading.ExecutionContext.RunInternal HeartBeat failed  @Steeltoe.Discovery.Eureka.DiscoveryClient+<HeartBeatTaskAsync>d__67.MoveNext
2018-11-20 21:25:12.6804 [ERROR] System.Threading.ExecutionContext.RunInternal DoGetApplicationsAsync Failed 由于目标计算机积极拒绝，无法连接。 @Steeltoe.Discovery.Eureka.Transport.EurekaHttpClient+<DoGetApplicationsAsync>d__31.MoveNext
2018-11-20 21:25:12.6804 [ERROR] System.Threading.ExecutionContext.RunInternal FetchRegistry Failed 由于目标计算机积极拒绝，无法连接。 @Steeltoe.Discovery.Eureka.DiscoveryClient+<FetchRegistryAsync>d__59.MoveNext
2018-11-20 21:25:12.7014 [ERROR] System.Threading.ExecutionContext.RunInternal CacheRefresh failed  @Steeltoe.Discovery.Eureka.DiscoveryClient+<CacheRefreshTaskAsync>d__68.MoveNext
2018-11-20 21:25:43.2625 [ERROR] System.Threading.ExecutionContext.RunInternal SendHeartBeatAsync Failed 由于目标计算机积极拒绝，无法连接。 @Steeltoe.Discovery.Eureka.Transport.EurekaHttpClient+<SendHeartBeatAsync>d__14.MoveNext
2018-11-20 21:25:43.2713 [ERROR] System.Threading.ExecutionContext.RunInternal DoGetApplicationsAsync Failed 由于目标计算机积极拒绝，无法连接。 @Steeltoe.Discovery.Eureka.Transport.EurekaHttpClient+<DoGetApplicationsAsync>d__31.MoveNext
2018-11-20 21:25:43.2887 [ERROR] System.Threading.ExecutionContext.RunInternal Renew Failed 由于目标计算机积极拒绝，无法连接。 @Steeltoe.Discovery.Eureka.DiscoveryClient+<RenewAsync>d__62.MoveNext
2018-11-20 21:25:43.3528 [ERROR] System.Threading.ExecutionContext.RunInternal FetchRegistry Failed 由于目标计算机积极拒绝，无法连接。 @Steeltoe.Discovery.Eureka.DiscoveryClient+<FetchRegistryAsync>d__59.MoveNext
2018-11-20 21:25:43.3528 [ERROR] System.Threading.ExecutionContext.RunInternal HeartBeat failed  @Steeltoe.Discovery.Eureka.DiscoveryClient+<HeartBeatTaskAsync>d__67.MoveNext
2018-11-20 21:25:43.4101 [ERROR] System.Threading.ExecutionContext.RunInternal CacheRefresh failed  @Steeltoe.Discovery.Eureka.DiscoveryClient+<CacheRefreshTaskAsync>d__68.MoveNext
2018-11-20 21:26:12.5972 [ERROR] System.Threading.ExecutionContext.RunInternal SendHeartBeatAsync Failed 由于目标计算机积极拒绝，无法连接。 @Steeltoe.Discovery.Eureka.Transport.EurekaHttpClient+<SendHeartBeatAsync>d__14.MoveNext
2018-11-20 21:26:12.5972 [ERROR] System.Threading.ExecutionContext.RunInternal Renew Failed 由于目标计算机积极拒绝，无法连接。 @Steeltoe.Discovery.Eureka.DiscoveryClient+<RenewAsync>d__62.MoveNext
2018-11-20 21:26:12.6186 [ERROR] System.Threading.ExecutionContext.RunInternal HeartBeat failed  @Steeltoe.Discovery.Eureka.DiscoveryClient+<HeartBeatTaskAsync>d__67.MoveNext
2018-11-20 21:26:12.6798 [ERROR] System.Threading.ExecutionContext.RunInternal DoGetApplicationsAsync Failed 由于目标计算机积极拒绝，无法连接。 @Steeltoe.Discovery.Eureka.Transport.EurekaHttpClient+<DoGetApplicationsAsync>d__31.MoveNext
2018-11-20 21:26:12.6798 [ERROR] System.Threading.ExecutionContext.RunInternal FetchRegistry Failed 由于目标计算机积极拒绝，无法连接。 @Steeltoe.Discovery.Eureka.DiscoveryClient+<FetchRegistryAsync>d__59.MoveNext
2018-11-20 21:26:12.6977 [ERROR] System.Threading.ExecutionContext.RunInternal CacheRefresh failed  @Steeltoe.Discovery.Eureka.DiscoveryClient+<CacheRefreshTaskAsync>d__68.MoveNext
2018-11-20 21:26:42.5935 [ERROR] System.Threading.ExecutionContext.RunInternal SendHeartBeatAsync Failed 由于目标计算机积极拒绝，无法连接。 @Steeltoe.Discovery.Eureka.Transport.EurekaHttpClient+<SendHeartBeatAsync>d__14.MoveNext
2018-11-20 21:26:42.6059 [ERROR] System.Threading.ExecutionContext.RunInternal Renew Failed 由于目标计算机积极拒绝，无法连接。 @Steeltoe.Discovery.Eureka.DiscoveryClient+<RenewAsync>d__62.MoveNext
2018-11-20 21:26:42.6161 [ERROR] System.Threading.ExecutionContext.RunInternal HeartBeat failed  @Steeltoe.Discovery.Eureka.DiscoveryClient+<HeartBeatTaskAsync>d__67.MoveNext
2018-11-20 21:26:42.6801 [ERROR] System.Threading.ExecutionContext.RunInternal DoGetApplicationsAsync Failed 由于目标计算机积极拒绝，无法连接。 @Steeltoe.Discovery.Eureka.Transport.EurekaHttpClient+<DoGetApplicationsAsync>d__31.MoveNext
2018-11-20 21:26:42.6896 [ERROR] System.Threading.ExecutionContext.RunInternal FetchRegistry Failed 由于目标计算机积极拒绝，无法连接。 @Steeltoe.Discovery.Eureka.DiscoveryClient+<FetchRegistryAsync>d__59.MoveNext
2018-11-20 21:26:42.6896 [ERROR] System.Threading.ExecutionContext.RunInternal CacheRefresh failed  @Steeltoe.Discovery.Eureka.DiscoveryClient+<CacheRefreshTaskAsync>d__68.MoveNext
2018-11-20 21:27:12.5946 [ERROR] System.Threading.ExecutionContext.RunInternal SendHeartBeatAsync Failed 由于目标计算机积极拒绝，无法连接。 @Steeltoe.Discovery.Eureka.Transport.EurekaHttpClient+<SendHeartBeatAsync>d__14.MoveNext
2018-11-20 21:27:12.6070 [ERROR] System.Threading.ExecutionContext.RunInternal Renew Failed 由于目标计算机积极拒绝，无法连接。 @Steeltoe.Discovery.Eureka.DiscoveryClient+<RenewAsync>d__62.MoveNext
2018-11-20 21:27:12.6210 [ERROR] System.Threading.ExecutionContext.RunInternal HeartBeat failed  @Steeltoe.Discovery.Eureka.DiscoveryClient+<HeartBeatTaskAsync>d__67.MoveNext
2018-11-20 21:27:12.6807 [ERROR] System.Threading.ExecutionContext.RunInternal DoGetApplicationsAsync Failed 由于目标计算机积极拒绝，无法连接。 @Steeltoe.Discovery.Eureka.Transport.EurekaHttpClient+<DoGetApplicationsAsync>d__31.MoveNext
2018-11-20 21:27:12.6935 [ERROR] System.Threading.ExecutionContext.RunInternal FetchRegistry Failed 由于目标计算机积极拒绝，无法连接。 @Steeltoe.Discovery.Eureka.DiscoveryClient+<FetchRegistryAsync>d__59.MoveNext
2018-11-20 21:27:12.6935 [ERROR] System.Threading.ExecutionContext.RunInternal CacheRefresh failed  @Steeltoe.Discovery.Eureka.DiscoveryClient+<CacheRefreshTaskAsync>d__68.MoveNext
2018-11-20 21:27:42.5957 [ERROR] System.Threading.ExecutionContext.RunInternal SendHeartBeatAsync Failed 由于目标计算机积极拒绝，无法连接。 @Steeltoe.Discovery.Eureka.Transport.EurekaHttpClient+<SendHeartBeatAsync>d__14.MoveNext
2018-11-20 21:27:42.5957 [ERROR] System.Threading.ExecutionContext.RunInternal Renew Failed 由于目标计算机积极拒绝，无法连接。 @Steeltoe.Discovery.Eureka.DiscoveryClient+<RenewAsync>d__62.MoveNext
2018-11-20 21:27:42.6169 [ERROR] System.Threading.ExecutionContext.RunInternal HeartBeat failed  @Steeltoe.Discovery.Eureka.DiscoveryClient+<HeartBeatTaskAsync>d__67.MoveNext
2018-11-20 21:27:42.6830 [ERROR] System.Threading.ExecutionContext.RunInternal DoGetApplicationsAsync Failed 由于目标计算机积极拒绝，无法连接。 @Steeltoe.Discovery.Eureka.Transport.EurekaHttpClient+<DoGetApplicationsAsync>d__31.MoveNext
2018-11-20 21:27:42.6955 [ERROR] System.Threading.ExecutionContext.RunInternal FetchRegistry Failed 由于目标计算机积极拒绝，无法连接。 @Steeltoe.Discovery.Eureka.DiscoveryClient+<FetchRegistryAsync>d__59.MoveNext
2018-11-20 21:27:42.6955 [ERROR] System.Threading.ExecutionContext.RunInternal CacheRefresh failed  @Steeltoe.Discovery.Eureka.DiscoveryClient+<CacheRefreshTaskAsync>d__68.MoveNext
2018-11-20 21:28:12.5920 [ERROR] System.Threading.ExecutionContext.RunInternal SendHeartBeatAsync Failed 由于目标计算机积极拒绝，无法连接。 @Steeltoe.Discovery.Eureka.Transport.EurekaHttpClient+<SendHeartBeatAsync>d__14.MoveNext
2018-11-20 21:28:12.6045 [ERROR] System.Threading.ExecutionContext.RunInternal Renew Failed 由于目标计算机积极拒绝，无法连接。 @Steeltoe.Discovery.Eureka.DiscoveryClient+<RenewAsync>d__62.MoveNext
2018-11-20 21:28:12.6142 [ERROR] System.Threading.ExecutionContext.RunInternal HeartBeat failed  @Steeltoe.Discovery.Eureka.DiscoveryClient+<HeartBeatTaskAsync>d__67.MoveNext
2018-11-20 21:28:12.6785 [ERROR] System.Threading.ExecutionContext.RunInternal DoGetApplicationsAsync Failed 由于目标计算机积极拒绝，无法连接。 @Steeltoe.Discovery.Eureka.Transport.EurekaHttpClient+<DoGetApplicationsAsync>d__31.MoveNext
2018-11-20 21:28:12.6904 [ERROR] System.Threading.ExecutionContext.RunInternal FetchRegistry Failed 由于目标计算机积极拒绝，无法连接。 @Steeltoe.Discovery.Eureka.DiscoveryClient+<FetchRegistryAsync>d__59.MoveNext
2018-11-20 21:28:12.6904 [ERROR] System.Threading.ExecutionContext.RunInternal CacheRefresh failed  @Steeltoe.Discovery.Eureka.DiscoveryClient+<CacheRefreshTaskAsync>d__68.MoveNext
2018-11-20 21:28:42.5957 [ERROR] System.Threading.ExecutionContext.RunInternal SendHeartBeatAsync Failed 由于目标计算机积极拒绝，无法连接。 @Steeltoe.Discovery.Eureka.Transport.EurekaHttpClient+<SendHeartBeatAsync>d__14.MoveNext
2018-11-20 21:28:42.6074 [ERROR] System.Threading.ExecutionContext.RunInternal Renew Failed 由于目标计算机积极拒绝，无法连接。 @Steeltoe.Discovery.Eureka.DiscoveryClient+<RenewAsync>d__62.MoveNext
2018-11-20 21:28:42.6192 [ERROR] System.Threading.ExecutionContext.RunInternal HeartBeat failed  @Steeltoe.Discovery.Eureka.DiscoveryClient+<HeartBeatTaskAsync>d__67.MoveNext
2018-11-20 21:28:42.6810 [ERROR] System.Threading.ExecutionContext.RunInternal DoGetApplicationsAsync Failed 由于目标计算机积极拒绝，无法连接。 @Steeltoe.Discovery.Eureka.Transport.EurekaHttpClient+<DoGetApplicationsAsync>d__31.MoveNext
2018-11-20 21:28:42.6909 [ERROR] System.Threading.ExecutionContext.RunInternal FetchRegistry Failed 由于目标计算机积极拒绝，无法连接。 @Steeltoe.Discovery.Eureka.DiscoveryClient+<FetchRegistryAsync>d__59.MoveNext
2018-11-20 21:28:42.6909 [ERROR] System.Threading.ExecutionContext.RunInternal CacheRefresh failed  @Steeltoe.Discovery.Eureka.DiscoveryClient+<CacheRefreshTaskAsync>d__68.MoveNext
2018-11-20 21:29:12.6055 [ERROR] System.Threading.ExecutionContext.RunInternal SendHeartBeatAsync Failed 由于目标计算机积极拒绝，无法连接。 @Steeltoe.Discovery.Eureka.Transport.EurekaHttpClient+<SendHeartBeatAsync>d__14.MoveNext
2018-11-20 21:29:12.6203 [ERROR] System.Threading.ExecutionContext.RunInternal Renew Failed 由于目标计算机积极拒绝，无法连接。 @Steeltoe.Discovery.Eureka.DiscoveryClient+<RenewAsync>d__62.MoveNext
2018-11-20 21:29:12.6308 [ERROR] System.Threading.ExecutionContext.RunInternal HeartBeat failed  @Steeltoe.Discovery.Eureka.DiscoveryClient+<HeartBeatTaskAsync>d__67.MoveNext
2018-11-20 21:29:12.6832 [ERROR] System.Threading.ExecutionContext.RunInternal DoGetApplicationsAsync Failed 由于目标计算机积极拒绝，无法连接。 @Steeltoe.Discovery.Eureka.Transport.EurekaHttpClient+<DoGetApplicationsAsync>d__31.MoveNext
2018-11-20 21:29:12.6968 [ERROR] System.Threading.ExecutionContext.RunInternal FetchRegistry Failed 由于目标计算机积极拒绝，无法连接。 @Steeltoe.Discovery.Eureka.DiscoveryClient+<FetchRegistryAsync>d__59.MoveNext
2018-11-20 21:29:12.7078 [ERROR] System.Threading.ExecutionContext.RunInternal CacheRefresh failed  @Steeltoe.Discovery.Eureka.DiscoveryClient+<CacheRefreshTaskAsync>d__68.MoveNext
2018-11-20 21:29:42.5943 [ERROR] System.Threading.ExecutionContext.RunInternal SendHeartBeatAsync Failed 由于目标计算机积极拒绝，无法连接。 @Steeltoe.Discovery.Eureka.Transport.EurekaHttpClient+<SendHeartBeatAsync>d__14.MoveNext
2018-11-20 21:29:42.6060 [ERROR] System.Threading.ExecutionContext.RunInternal Renew Failed 由于目标计算机积极拒绝，无法连接。 @Steeltoe.Discovery.Eureka.DiscoveryClient+<RenewAsync>d__62.MoveNext
2018-11-20 21:29:42.6188 [ERROR] System.Threading.ExecutionContext.RunInternal HeartBeat failed  @Steeltoe.Discovery.Eureka.DiscoveryClient+<HeartBeatTaskAsync>d__67.MoveNext
2018-11-20 21:29:42.6791 [ERROR] System.Threading.ExecutionContext.RunInternal DoGetApplicationsAsync Failed 由于目标计算机积极拒绝，无法连接。 @Steeltoe.Discovery.Eureka.Transport.EurekaHttpClient+<DoGetApplicationsAsync>d__31.MoveNext
2018-11-20 21:29:42.6791 [ERROR] System.Threading.ExecutionContext.RunInternal FetchRegistry Failed 由于目标计算机积极拒绝，无法连接。 @Steeltoe.Discovery.Eureka.DiscoveryClient+<FetchRegistryAsync>d__59.MoveNext
2018-11-20 21:29:42.6979 [ERROR] System.Threading.ExecutionContext.RunInternal CacheRefresh failed  @Steeltoe.Discovery.Eureka.DiscoveryClient+<CacheRefreshTaskAsync>d__68.MoveNext
2018-11-20 21:56:16.9453 [INFO] System.RuntimeMethodHandle.InvokeMethod Starting HeartBeat  @Steeltoe.Discovery.Eureka.DiscoveryClient.Initialize
2018-11-20 21:59:27.6541 [INFO] System.RuntimeMethodHandle.InvokeMethod Starting HeartBeat  @Steeltoe.Discovery.Eureka.DiscoveryClient.Initialize
2018-11-20 22:00:58.0602 [INFO] System.RuntimeMethodHandle.InvokeMethod Starting HeartBeat  @Steeltoe.Discovery.Eureka.DiscoveryClient.Initialize
2018-11-20 22:01:54.7824 [INFO] System.RuntimeMethodHandle.InvokeMethod Starting HeartBeat  @Steeltoe.Discovery.Eureka.DiscoveryClient.Initialize
