2019-03-07 17:11:40.4160 [INFO] Microsoft.AspNetCore.Mvc.Filters.ActionFilterAttribute+<OnActionExecutionAsync>d__6.MoveNext 
 方法：123 
 地址：localhost:8010/bcmsystem/verifycode/num 
 方式：GET 
 参数：{}
 结果：日志未获取到结果，返回的数据无法序列化
 耗时：175.6386 毫秒  @BCM.Filters.LogAttribute.OnActionExecuted(F:\Bcm\BCM_core\BCM.Filters\LogAttribute.cs:46)
2019-03-07 17:12:12.3288 [INFO] Microsoft.AspNetCore.Mvc.Filters.ActionFilterAttribute+<OnActionExecutionAsync>d__6.MoveNext 
 方法：123 
 地址：localhost:8010/bcmsystem/user/login 
 方式：POST 
 参数：{"dictionary":{"userName":"admin","passWord":"e10adc3949ba59abbe56e057f20f883e","code":"1280"}}
 结果：{"Data":{"user":{"userId":"68252780c8f5468c960d17d6eafe816d","userName":"admin"},"token":"eyJhbGciOiJIUzI1NiIsInR5cCI6IkpXVCJ9.eyJpZCI6IjY4MjUyNzgwYzhmNTQ2OGM5NjBkMTdkNmVhZmU4MTZkIiwibmFtZSI6ImFkbWluIiwiZXhwIjoxNTUyMDM2MzMyLCJpc3MiOiJsb29wIiwiYXVkIjoibG9vcCJ9.PiWxaPgMZ3bNU4ygVlUq4on9nhvSpZsmZk_jvS0s0a4"},"Code":200,"Msg":"处理成功！"}
 耗时：791.2627 毫秒  @BCM.Filters.LogAttribute.OnActionExecuted(F:\Bcm\BCM_core\BCM.Filters\LogAttribute.cs:46)
2019-03-07 17:12:51.4244 [INFO] Microsoft.AspNetCore.Mvc.Filters.ActionFilterAttribute+<OnActionExecutionAsync>d__6.MoveNext 
 方法：123 
 地址：localhost:8010/bcmsystem/dictionary/numbertype 
 方式：GET 
 参数：{}
 结果：{"Data":{"dictionaryTree":[{"dictionaryId":"9c8a7363f883408e8bfdf87e0a422570","dictionaryName":"按月","dicitonaryCode":"A400001"},{"dictionaryId":"20259f077aea4c528136c2b09a9f1c6c","dictionaryName":"人工","dicitonaryCode":"A400002"},{"dictionaryId":"98b7626e4c374a6ea298278cc78a4f7c","dictionaryName":"充值","dicitonaryCode":"A400003"}]},"Code":200,"Msg":"处理成功！"}
 耗时：116.594 毫秒  @BCM.Filters.LogAttribute.OnActionExecuted(F:\Bcm\BCM_core\BCM.Filters\LogAttribute.cs:46)
2019-03-07 17:15:38.6371 [INFO] Microsoft.AspNetCore.Mvc.Filters.ActionFilterAttribute+<OnActionExecutionAsync>d__6.MoveNext 
 方法：123 
 地址：localhost:8010/bcmsystem/dictionary/numbersLevel 
 方式：GET 
 参数：{}
 结果：{"Data":{"dictionaryTree":[{"dictionaryId":"06a00d675b5f40129072065f76dd1e7e","dictionaryName":"50","dicitonaryCode":"A200002"},{"dictionaryId":"2a9d2e2f14c24f07921f51dd6f879838","dictionaryName":"100","dicitonaryCode":"A200001"}]},"Code":200,"Msg":"处理成功！"}
 耗时：25.2946 毫秒  @BCM.Filters.LogAttribute.OnActionExecuted(F:\Bcm\BCM_core\BCM.Filters\LogAttribute.cs:46)
2019-03-07 17:32:14.9823 [INFO] Microsoft.AspNetCore.Mvc.Filters.ActionFilterAttribute+<OnActionExecutionAsync>d__6.MoveNext 
 方法：123 
 地址：localhost:8010/bcmsystem/dictionary/tree 
 方式：GET 
 参数：{}
 结果：{"Data":{"dictionaryTree":[{"dicitonaryId":"292798a27eb34634abf67ca3fbe7ad78","dicitonaryName":"600","dictionaryCode":"X1000","parentDictionaryCode":"0","dictionaryRemarks":"600元/月 备注 每次更改只更改此条数据 字典名为数字","dictionaryOrderNum":0,"children":[]},{"dicitonaryId":"f5fafd1c72d2497f882783d7485af926","dicitonaryName":"使用类型","dictionaryCode":"A1000","parentDictionaryCode":"0","dictionaryRemarks":"使用类型","dictionaryOrderNum":0,"children":[{"dicitonaryId":"67548d89ceb640fea6130cfff840a27e","dicitonaryName":"次数","dictionaryCode":"A100001","parentDictionaryCode":"A1000","dictionaryRemarks":"次数","dictionaryOrderNum":0},{"dicitonaryId":"9a2619dc089a4b31a1f12c95946bb610","dicitonaryName":"钱包","dictionaryCode":"A100002","parentDictionaryCode":"A1000","dictionaryRemarks":"钱包","dictionaryOrderNum":1},{"dicitonaryId":"00C7B5F834584ABB98A221B7D149EF19","dicitonaryName":"月底次数转钱包次数归零","dictionaryCode":"A100003","parentDictionaryCode":"A1000","dictionaryRemarks":"月底次数转钱包次数归零","dictionaryOrderNum":2}]},{"dicitonaryId":"83cbf94c3a574cd29fe7e40f99655d14","dicitonaryName":"发放次数级别","dictionaryCode":"A2000","parentDictionaryCode":"0","dictionaryRemarks":"发放次数级别","dictionaryOrderNum":1,"children":[{"dicitonaryId":"06a00d675b5f40129072065f76dd1e7e","dicitonaryName":"50","dictionaryCode":"A200002","parentDictionaryCode":"A2000","dictionaryRemarks":"发放20次","dictionaryOrderNum":1},{"dicitonaryId":"2a9d2e2f14c24f07921f51dd6f879838","dicitonaryName":"100","dictionaryCode":"A200001","parentDictionaryCode":"A2000","dictionaryRemarks":"100次","dictionaryOrderNum":1}]},{"dicitonaryId":"7c0b17cadc504042ba6cc3a4c3dd7790","dicitonaryName":"次数转金额设置","dictionaryCode":"A3000","parentDictionaryCode":"0","dictionaryRemarks":"次数转金额设置","dictionaryOrderNum":2,"children":[{"dicitonaryId":"8390cb7265eb48868ff09fc77e44d2be","dicitonaryName":"5","dictionaryCode":"A300001","parentDictionaryCode":"A3000","dictionaryRemarks":"1次/5元 备注 每次更改只更改此条数据 字典名为数字   1次记作多少钱","dictionaryOrderNum":0}]},{"dicitonaryId":"b2ceecfafcf441c68c428717ecb0dd5e","dicitonaryName":"次数发放类型","dictionaryCode":"A4000","parentDictionaryCode":"0","dictionaryRemarks":"次数发放类型","dictionaryOrderNum":3,"children":[{"dicitonaryId":"9c8a7363f883408e8bfdf87e0a422570","dicitonaryName":"按月","dictionaryCode":"A400001","parentDictionaryCode":"A4000","dictionaryRemarks":"按月","dictionaryOrderNum":0},{"dicitonaryId":"20259f077aea4c528136c2b09a9f1c6c","dicitonaryName":"人工","dictionaryCode":"A400002","parentDictionaryCode":"A4000","dictionaryRemarks":"人工","dictionaryOrderNum":1},{"dicitonaryId":"98b7626e4c374a6ea298278cc78a4f7c","dicitonaryName":"充值","dictionaryCode":"A400003","parentDictionaryCode":"A4000","dictionaryRemarks":"充值","dictionaryOrderNum":2}]},{"dicitonaryId":"99a069da3cef4df8a9535ee93bd09d48","dicitonaryName":"钱包发放类型","dictionaryCode":"A5000","parentDictionaryCode":"0","dictionaryRemarks":"钱包发放类型","dictionaryOrderNum":4,"children":[{"dicitonaryId":"f380346698b64d9fa2b97ee8b922f293","dicitonaryName":"月底转结","dictionaryCode":"A500001","parentDictionaryCode":"A5000","dictionaryRemarks":"月底转结","dictionaryOrderNum":0},{"dicitonaryId":"ceff32ad8db9470b85f24e8c2934c2dd","dicitonaryName":"补偿","dictionaryCode":"A500002","parentDictionaryCode":"A5000","dictionaryRemarks":"补偿","dictionaryOrderNum":1},{"dicitonaryId":"f4047bc7302e406bbfd4e74cabb81b93","dicitonaryName":"充值","dictionaryCode":"A500003","parentDictionaryCode":"A5000","dictionaryRemarks":"充值","dictionaryOrderNum":2}]},{"dicitonaryId":"fe995179d5e942d0ba74f014fe69b0bf","dicitonaryName":"消费类型","dictionaryCode":"A6000","parentDictionaryCode":"0","dictionaryRemarks":"消费类型","dictionaryOrderNum":5,"children":[{"dicitonaryId":"9e66434306ac4bb8af4eba0456448214","dicitonaryName":"发放","dictionaryCode":"A600001","parentDictionaryCode":"A6000","dictionaryRemarks":"发放","dictionaryOrderNum":0},{"dicitonaryId":"59aae6d8662e4002b04ba0570b75bec6","dicitonaryName":"消费","dictionaryCode":"A600002","parentDictionaryCode":"A6000","dictionaryRemarks":"消费","dictionaryOrderNum":1}]},{"dicitonaryId":"7a944049f36c4e22a50bfc4a126022bb","dicitonaryName":"周期","dictionaryCode":"900","parentDictionaryCode":"0","dictionaryRemarks":"周期 年月日\n","dictionaryOrderNum":6,"children":[{"dicitonaryId":"1810fd886c474a1bb7f504f407abfa7b","dicitonaryName":"年（365）","dictionaryCode":"9001","parentDictionaryCode":"900","dictionaryRemarks":"","dictionaryOrderNum":0},{"dicitonaryId":"781471c53622423f89138239b4b7768e","dicitonaryName":"周（7）","dictionaryCode":"9003","parentDictionaryCode":"900","dictionaryRemarks":"","dictionaryOrderNum":1},{"dicitonaryId":"a0c0dbc470d0418c90f34757a6b176d6","dicitonaryName":"月（30）","dictionaryCode":"9002","parentDictionaryCode":"900","dictionaryRemarks":"","dictionaryOrderNum":7}]}]},"Code":200,"Msg":"处理成功！"}
 耗时：110.9066 毫秒  @BCM.Filters.LogAttribute.OnActionExecuted(F:\Bcm\BCM_core\BCM.Filters\LogAttribute.cs:46)
2019-03-07 17:36:32.0571 [INFO] Microsoft.AspNetCore.Mvc.Filters.ActionFilterAttribute+<OnActionExecutionAsync>d__6.MoveNext 
 方法：123 
 地址：localhost:8010/bcmsystem/dictionary/search 
 方式：POST 
 参数：{"dictionary":{"dictionaryName":"","dictionaryCode":"","parentCode":""}}
 结果：{"Data":{"dictionaryList":[{"DictionaryId":"00C7B5F834584ABB98A221B7D149EF19","DictionaryName":"月底次数转钱包次数归零","DictionaryCode":"A100003","ParentDictionaryCode":"A1000","DictionaryOrderNum":2,"DictionaryRemarks":"月底次数转钱包次数归零"},{"DictionaryId":"06a00d675b5f40129072065f76dd1e7e","DictionaryName":"50","DictionaryCode":"A200002","ParentDictionaryCode":"A2000","DictionaryOrderNum":1,"DictionaryRemarks":"发放20次"},{"DictionaryId":"1810fd886c474a1bb7f504f407abfa7b","DictionaryName":"年（365）","DictionaryCode":"9001","ParentDictionaryCode":"900","DictionaryOrderNum":0,"DictionaryRemarks":""},{"DictionaryId":"20259f077aea4c528136c2b09a9f1c6c","DictionaryName":"人工","DictionaryCode":"A400002","ParentDictionaryCode":"A4000","DictionaryOrderNum":1,"DictionaryRemarks":"人工"},{"DictionaryId":"292798a27eb34634abf67ca3fbe7ad78","DictionaryName":"600","DictionaryCode":"X1000","ParentDictionaryCode":"0","DictionaryOrderNum":0,"DictionaryRemarks":"600元/月 备注 每次更改只更改此条数据 字典名为数字 "},{"DictionaryId":"2a9d2e2f14c24f07921f51dd6f879838","DictionaryName":"100","DictionaryCode":"A200001","ParentDictionaryCode":"A2000","DictionaryOrderNum":1,"DictionaryRemarks":"100次"},{"DictionaryId":"59aae6d8662e4002b04ba0570b75bec6","DictionaryName":"消费","DictionaryCode":"A600002","ParentDictionaryCode":"A6000","DictionaryOrderNum":1,"DictionaryRemarks":"消费"},{"DictionaryId":"67548d89ceb640fea6130cfff840a27e","DictionaryName":"次数","DictionaryCode":"A100001","ParentDictionaryCode":"A1000","DictionaryOrderNum":0,"DictionaryRemarks":"次数"},{"DictionaryId":"781471c53622423f89138239b4b7768e","DictionaryName":"周（7）","DictionaryCode":"9003","ParentDictionaryCode":"900","DictionaryOrderNum":1,"DictionaryRemarks":""},{"DictionaryId":"7a944049f36c4e22a50bfc4a126022bb","DictionaryName":"周期","DictionaryCode":"900","ParentDictionaryCode":"0","DictionaryOrderNum":6,"DictionaryRemarks":"周期 年月日\n"},{"DictionaryId":"7c0b17cadc504042ba6cc3a4c3dd7790","DictionaryName":"次数转金额设置","DictionaryCode":"A3000","ParentDictionaryCode":"0","DictionaryOrderNum":2,"DictionaryRemarks":"次数转金额设置"},{"DictionaryId":"8390cb7265eb48868ff09fc77e44d2be","DictionaryName":"5","DictionaryCode":"A300001","ParentDictionaryCode":"A3000","DictionaryOrderNum":0,"DictionaryRemarks":"1次/5元 备注 每次更改只更改此条数据 字典名为数字   1次记作多少钱"},{"DictionaryId":"83cbf94c3a574cd29fe7e40f99655d14","DictionaryName":"发放次数级别","DictionaryCode":"A2000","ParentDictionaryCode":"0","DictionaryOrderNum":1,"DictionaryRemarks":"发放次数级别"},{"DictionaryId":"98b7626e4c374a6ea298278cc78a4f7c","DictionaryName":"充值","DictionaryCode":"A400003","ParentDictionaryCode":"A4000","DictionaryOrderNum":2,"DictionaryRemarks":"充值"},{"DictionaryId":"99a069da3cef4df8a9535ee93bd09d48","DictionaryName":"钱包发放类型","DictionaryCode":"A5000","ParentDictionaryCode":"0","DictionaryOrderNum":4,"DictionaryRemarks":"钱包发放类型"},{"DictionaryId":"9a2619dc089a4b31a1f12c95946bb610","DictionaryName":"钱包","DictionaryCode":"A100002","ParentDictionaryCode":"A1000","DictionaryOrderNum":1,"DictionaryRemarks":"钱包"},{"DictionaryId":"9c8a7363f883408e8bfdf87e0a422570","DictionaryName":"按月","DictionaryCode":"A400001","ParentDictionaryCode":"A4000","DictionaryOrderNum":0,"DictionaryRemarks":"按月"},{"DictionaryId":"9e66434306ac4bb8af4eba0456448214","DictionaryName":"发放","DictionaryCode":"A600001","ParentDictionaryCode":"A6000","DictionaryOrderNum":0,"DictionaryRemarks":"发放"},{"DictionaryId":"a0c0dbc470d0418c90f34757a6b176d6","DictionaryName":"月（30）","DictionaryCode":"9002","ParentDictionaryCode":"900","DictionaryOrderNum":7,"DictionaryRemarks":""},{"DictionaryId":"b2ceecfafcf441c68c428717ecb0dd5e","DictionaryName":"次数发放类型","DictionaryCode":"A4000","ParentDictionaryCode":"0","DictionaryOrderNum":3,"DictionaryRemarks":"次数发放类型"},{"DictionaryId":"ceff32ad8db9470b85f24e8c2934c2dd","DictionaryName":"补偿","DictionaryCode":"A500002","ParentDictionaryCode":"A5000","DictionaryOrderNum":1,"DictionaryRemarks":"补偿"},{"DictionaryId":"f380346698b64d9fa2b97ee8b922f293","DictionaryName":"月底转结","DictionaryCode":"A500001","ParentDictionaryCode":"A5000","DictionaryOrderNum":0,"DictionaryRemarks":"月底转结"},{"DictionaryId":"f4047bc7302e406bbfd4e74cabb81b93","DictionaryName":"充值","DictionaryCode":"A500003","ParentDictionaryCode":"A5000","DictionaryOrderNum":2,"DictionaryRemarks":"充值"},{"DictionaryId":"f5fafd1c72d2497f882783d7485af926","DictionaryName":"使用类型","DictionaryCode":"A1000","ParentDictionaryCode":"0","DictionaryOrderNum":0,"DictionaryRemarks":"使用类型"},{"DictionaryId":"fe995179d5e942d0ba74f014fe69b0bf","DictionaryName":"消费类型","DictionaryCode":"A6000","ParentDictionaryCode":"0","DictionaryOrderNum":5,"DictionaryRemarks":"消费类型"}]},"Code":200,"Msg":"处理成功！"}
 耗时：495.4017 毫秒  @BCM.Filters.LogAttribute.OnActionExecuted(F:\Bcm\BCM_core\BCM.Filters\LogAttribute.cs:46)
2019-03-07 17:36:56.8104 [INFO] Microsoft.AspNetCore.Mvc.Filters.ActionFilterAttribute+<OnActionExecutionAsync>d__6.MoveNext 
 方法：123 
 地址：localhost:8010/bcmsystem/dictionary/search 
 方式：POST 
 参数：{"dictionary":{"dictionaryName":"","dictionaryCode":"","parentCode":"A2000"}}
 结果：{"Data":{"dictionaryList":[{"DictionaryId":"06a00d675b5f40129072065f76dd1e7e","DictionaryName":"50","DictionaryCode":"A200002","ParentDictionaryCode":"A2000","DictionaryOrderNum":1,"DictionaryRemarks":"发放20次"},{"DictionaryId":"2a9d2e2f14c24f07921f51dd6f879838","DictionaryName":"100","DictionaryCode":"A200001","ParentDictionaryCode":"A2000","DictionaryOrderNum":1,"DictionaryRemarks":"100次"},{"DictionaryId":"83cbf94c3a574cd29fe7e40f99655d14","DictionaryName":"发放次数级别","DictionaryCode":"A2000","ParentDictionaryCode":"0","DictionaryOrderNum":1,"DictionaryRemarks":"发放次数级别"}]},"Code":200,"Msg":"处理成功！"}
 耗时：29.0033 毫秒  @BCM.Filters.LogAttribute.OnActionExecuted(F:\Bcm\BCM_core\BCM.Filters\LogAttribute.cs:46)
